<?xml version="1.0" encoding="UTF-8"?>
<testsuite name="site.LoginIterasys" tests="1" skipped="0" failures="0" errors="0" timestamp="2020-11-24T23:11:21" hostname="NOTE-FRODO" time="22.766">
  <properties/>
  <testcase name="loginIterasys" classname="site.LoginIterasys" time="22.766"/>
  <system-out><![CDATA[]]></system-out>
  <system-err><![CDATA[Starting ChromeDriver 87.0.4280.20 (c99e81631faa0b2a448e658c0dbd8311fb04ddbd-refs/branch-heads/4280@{#355}) on port 48293
Only local connections are allowed.
Please see https://chromedriver.chromium.org/security-considerations for suggestions on keeping ChromeDriver safe.
ChromeDriver was started successfully.
nov 24, 2020 8:11:27 PM org.openqa.selenium.remote.ProtocolHandshake createSession
INFORMAÇÕES: Detected dialect: W3C
]]></system-err>
</testsuite>
